<?xml version="1.0" encoding="UTF-8"?>
<testng-results ignored="0" total="2" passed="2" failed="0" skipped="0">
  <reporter-output>
  </reporter-output>
  <suite started-at="2023-03-20T06:58:53 WAT" name="Default suite" finished-at="2023-03-20T06:59:22 WAT" duration-ms="28878">
    <groups>
    </groups>
    <test started-at="2023-03-20T06:58:53 WAT" name="Default test" finished-at="2023-03-20T06:59:22 WAT" duration-ms="28878">
      <class name="seamlessAssessment.loginTest">
        <test-method is-config="true" signature="launchbrowser()[pri:0, instance:seamlessAssessment.loginTest@2fb69ff6]" started-at="2023-03-20T06:58:53 WAT" name="launchbrowser" finished-at="2023-03-20T06:59:00 WAT" duration-ms="7355" status="PASS">
          <reporter-output>
          </reporter-output>
        </test-method> <!-- launchbrowser -->
        <test-method signature="invalidLogin()[pri:0, instance:seamlessAssessment.loginTest@2fb69ff6]" started-at="2023-03-20T06:59:00 WAT" name="invalidLogin" finished-at="2023-03-20T06:59:10 WAT" duration-ms="9758" status="PASS">
          <reporter-output>
          </reporter-output>
        </test-method> <!-- invalidLogin -->
        <test-method signature="validLogin()[pri:0, instance:seamlessAssessment.loginTest@2fb69ff6]" started-at="2023-03-20T06:59:10 WAT" name="validLogin" finished-at="2023-03-20T06:59:20 WAT" duration-ms="9795" status="PASS">
          <reporter-output>
          </reporter-output>
        </test-method> <!-- validLogin -->
        <test-method is-config="true" signature="closeBrowser()[pri:0, instance:seamlessAssessment.loginTest@2fb69ff6]" started-at="2023-03-20T06:59:20 WAT" name="closeBrowser" finished-at="2023-03-20T06:59:22 WAT" duration-ms="1931" status="PASS">
          <reporter-output>
          </reporter-output>
        </test-method> <!-- closeBrowser -->
      </class> <!-- seamlessAssessment.loginTest -->
    </test> <!-- Default test -->
  </suite> <!-- Default suite -->
</testng-results>
